<?xml version="1.0" encoding="UTF-8"?>
<!-- Generated by org.testng.reporters.JUnitReportReporter -->
<testsuite hostname="DESKTOP-QESGB3I" failures="0" tests="3" name="Entrata.EntrataTestcaseDesign.LoginWithInvalidCredentials" time="98.642" errors="0" timestamp="2024-10-06T19:46:11 IST" skipped="0">
  <testcase classname="Entrata.EntrataTestcaseDesign.LoginWithInvalidCredentials" name="testLoginWithInvalidCredentials" time="38.927"/>
  <system-out/>
  <testcase classname="Entrata.EntrataTestcaseDesign.LoginWithInvalidCredentials" name="validatingRedirection" time="29.768"/>
  <system-out/>
  <testcase classname="Entrata.EntrataTestcaseDesign.LoginWithInvalidCredentials" name="validatingpageRedirection" time="29.947"/>
  <system-out/>
</testsuite> <!-- Entrata.EntrataTestcaseDesign.LoginWithInvalidCredentials -->
