<?xml version="1.0" encoding="UTF-8"?>
<!-- Generated by org.testng.reporters.JUnitReportReporter -->
<testsuite hostname="DESKTOP-QESGB3I" failures="0" tests="1" name="Entrata.EntrataTestcaseDesign.TestNGTestCases" time="46.577" errors="0" timestamp="2024-10-06T14:42:11 IST" skipped="0">
  <testcase classname="Entrata.EntrataTestcaseDesign.TestNGTestCases" name="testLoginWithInvalidCredentials" time="46.577"/>
  <system-out/>
</testsuite> <!-- Entrata.EntrataTestcaseDesign.TestNGTestCases -->
