<?xml version="1.0" encoding="UTF-8"?>
<!-- Generated by org.testng.reporters.JUnitReportReporter -->
<testsuite hostname="DESKTOP-QESGB3I" failures="0" tests="3" name="Entrata.EntrataTestcaseDesign.LoginWithInvalidCredentials" time="180.262" errors="0" timestamp="2024-10-06T21:19:59 IST" skipped="0">
  <testcase classname="Entrata.EntrataTestcaseDesign.LoginWithInvalidCredentials" name="validatingRedirection" time="64.461"/>
  <testcase classname="Entrata.EntrataTestcaseDesign.LoginWithInvalidCredentials" name="validatingpageRedirection" time="61.476"/>
  <testcase classname="Entrata.EntrataTestcaseDesign.LoginWithInvalidCredentials" name="testLoginWithInvalidCredentials" time="54.325"/>
</testsuite> <!-- Entrata.EntrataTestcaseDesign.LoginWithInvalidCredentials -->
